{
  "Cucumber Features": {
    "coverage": {
      "/home/ubuntu/workspace/iteration2/app/controllers/elections_controller.rb": [
        1,
        1,
        1,
        null,
        1,
        null,
        null,
        1,
        null,
        1,
        1,
        0,
        null,
        null,
        1,
        0,
        null,
        null,
        1,
        2,
        null,
        2,
        0,
        0,
        null,
        null,
        null,
        null,
        2,
        2,
        2,
        2,
        null,
        null,
        null,
        null,
        1,
        0,
        0,
        0,
        null,
        0,
        0,
        0,
        0,
        0,
        null,
        0,
        null,
        null,
        0,
        0,
        0,
        null,
        0,
        null,
        null,
        1,
        0,
        0,
        0,
        0,
        null,
        0,
        null,
        null,
        1,
        0,
        0,
        0,
        0,
        0,
        null,
        0,
        0,
        null,
        0,
        0,
        null,
        0,
        0,
        0,
        null,
        null,
        null,
        null,
        null,
        null,
        null,
        null,
        null,
        null,
        null,
        null,
        null,
        null,
        null,
        null,
        null,
        null,
        null,
        null,
        null,
        null,
        null,
        null,
        null,
        null,
        null,
        null,
        null,
        null,
        null,
        null,
        null,
        null,
        null,
        null,
        null,
        null,
        null,
        null,
        null,
        null,
        null,
        null,
        null,
        null
      ],
      "/home/ubuntu/workspace/iteration2/app/controllers/application_controller.rb": [
        1,
        null,
        null,
        1,
        null
      ],
      "/home/ubuntu/workspace/iteration2/app/helpers/application_helper.rb": [
        1,
        null
      ],
      "/home/ubuntu/workspace/iteration2/app/helpers/elections_helper.rb": [
        1,
        null
      ],
      "/home/ubuntu/workspace/iteration2/app/models/election.rb": [
        1,
        1,
        null,
        null
      ],
      "/home/ubuntu/workspace/iteration2/app/models/user.rb": [
        0,
        0,
        0,
        0,
        0
      ]
    },
    "timestamp": 1458254576
  },
  "RSpec": {
    "coverage": {
      "/home/ubuntu/workspace/iteration1/config/environment.rb": [
        null,
        1,
        null,
        null,
        1
      ],
      "/home/ubuntu/workspace/iteration1/config/application.rb": [
        1,
        null,
        1,
        null,
        null,
        null,
        1,
        null,
        1,
        1,
        null,
        null,
        null,
        null,
        null,
        null,
        null,
        null,
        null,
        null,
        null,
        null,
        null,
        1,
        null,
        null
      ],
      "/home/ubuntu/workspace/iteration1/config/boot.rb": [
        1,
        null,
        1
      ],
      "/home/ubuntu/workspace/iteration1/config/environments/test.rb": [
        1,
        null,
        null,
        null,
        null,
        null,
        null,
        1,
        null,
        null,
        null,
        null,
        1,
        null,
        null,
        1,
        1,
        null,
        null,
        1,
        1,
        null,
        null,
        1,
        null,
        null,
        1,
        null,
        null,
        null,
        null,
        1,
        null,
        null,
        1,
        null,
        null,
        1,
        null,
        null,
        null,
        null
      ],
      "/home/ubuntu/workspace/iteration1/config/initializers/assets.rb": [
        null,
        null,
        null,
        1,
        null,
        null,
        null,
        null,
        null,
        null,
        null
      ],
      "/home/ubuntu/workspace/iteration1/config/initializers/backtrace_silencers.rb": [
        null,
        null,
        null,
        null,
        null,
        null,
        null
      ],
      "/home/ubuntu/workspace/iteration1/config/initializers/cookies_serializer.rb": [
        null,
        null,
        1
      ],
      "/home/ubuntu/workspace/iteration1/config/initializers/filter_parameter_logging.rb": [
        null,
        null,
        null,
        1
      ],
      "/home/ubuntu/workspace/iteration1/config/initializers/inflections.rb": [
        null,
        null,
        null,
        null,
        null,
        null,
        null,
        null,
        null,
        null,
        null,
        null,
        null,
        null,
        null,
        null
      ],
      "/home/ubuntu/workspace/iteration1/config/initializers/mime_types.rb": [
        null,
        null,
        null,
        null
      ],
      "/home/ubuntu/workspace/iteration1/config/initializers/session_store.rb": [
        null,
        null,
        1
      ],
      "/home/ubuntu/workspace/iteration1/config/initializers/wrap_parameters.rb": [
        null,
        null,
        null,
        null,
        null,
        null,
        1,
        1,
        null,
        null,
        null,
        null,
        null,
        null
      ],
      "/home/ubuntu/workspace/iteration1/config/routes.rb": [
        1,
        1,
        1,
        null,
        null,
        null,
        null,
        1,
        1,
        1,
        null,
        1,
        null,
        null,
        1,
        null,
        null,
        null,
        null,
        null,
        null,
        null,
        null,
        null,
        null,
        null,
        null,
        null,
        null,
        null,
        null,
        null,
        null,
        null,
        null,
        null,
        null,
        null,
        null,
        null,
        null,
        null,
        null,
        null,
        null,
        null,
        null,
        null,
        null,
        null,
        null,
        null,
        null,
        null,
        null,
        null,
        null,
        null,
        null,
        null,
        null,
        null,
        null,
        null,
        null,
        null,
        null,
        null,
        null,
        null,
        null,
        null,
        null,
        null
      ],
      "/home/ubuntu/workspace/iteration1/app/helpers/application_helper.rb": [
        1,
        null
      ],
      "/home/ubuntu/workspace/iteration1/app/helpers/elections_helper.rb": [
        1,
        null
      ],
      "/home/ubuntu/workspace/iteration1/app/controllers/elections_controller.rb": [
        1,
        1,
        1,
        null,
        1,
        null,
        null,
        1,
        null,
        1,
        1,
        0,
        null,
        null,
        1,
        0,
        null,
        null,
        1,
        2,
        null,
        2,
        0,
        0,
        null,
        null,
        null,
        null,
        2,
        2,
        2,
        2,
        null,
        null,
        null,
        null,
        1,
        0,
        0,
        0,
        null,
        0,
        0,
        0,
        0,
        0,
        null,
        0,
        null,
        null,
        0,
        0,
        0,
        null,
        0,
        null,
        null,
        null,
        null,
        null,
        null,
        null,
        null,
        null,
        null,
        null,
        1,
        0,
        0,
        0,
        0,
        0,
        null,
        0,
        0,
        null,
        0,
        0,
        null,
        0,
        0,
        0,
        null,
        null,
        null,
        null,
        null,
        null,
        null,
        null,
        null,
        null,
        null,
        null,
        null,
        null,
        null,
        null,
        null,
        null,
        null,
        null,
        null,
        null,
        null,
        null,
        null,
        null,
        null,
        null,
        null,
        null,
        null,
        null,
        null,
        null,
        null,
        null,
        null,
        null,
        null,
        null,
        null,
        null,
        null,
        null,
        null,
        null
      ],
      "/home/ubuntu/workspace/iteration1/app/controllers/application_controller.rb": [
        1,
        null,
        null,
        1,
        null
      ],
      "/home/ubuntu/workspace/iteration1/app/models/election.rb": [
        1,
        1,
        null
      ],
      "/home/ubuntu/workspace/iteration1/app/models/user.rb": [
        1,
        1,
        1,
        null,
        null
      ]
    },
    "timestamp": 1457833954
  }
}
